<?xml version="1.0" encoding="UTF-8"?>
<!-- Generated by org.testng.reporters.JUnitReportReporter -->
<testsuite hostname="Dell-Laptop" name="com.webdriver.na.junglesocks.test.ConfirmationPageTest" tests="7" failures="0" timestamp="12 Feb 2016 08:16:56 GMT" time="54.577" errors="0">
  <testcase name="verifySalesTax" time="9.801" classname="com.webdriver.na.junglesocks.test.ConfirmationPageTest"/>
  <testcase name="verifySalesTax" time="7.780" classname="com.webdriver.na.junglesocks.test.ConfirmationPageTest"/>
  <testcase name="verifySalesTax" time="8.191" classname="com.webdriver.na.junglesocks.test.ConfirmationPageTest"/>
  <testcase name="invalidCart" time="7.461" classname="com.webdriver.na.junglesocks.test.ConfirmationPageTest"/>
  <testcase name="verifySalesTax" time="7.236" classname="com.webdriver.na.junglesocks.test.ConfirmationPageTest"/>
  <testcase name="verifyCatalogPricing" time="6.368" classname="com.webdriver.na.junglesocks.test.ConfirmationPageTest"/>
  <testcase name="verifySalesTax" time="7.740" classname="com.webdriver.na.junglesocks.test.ConfirmationPageTest"/>
</testsuite> <!-- com.webdriver.na.junglesocks.test.ConfirmationPageTest -->
