<?xml version="1.0" encoding="UTF-8"?>
<!-- Generated by org.testng.reporters.JUnitReportReporter -->
<testsuite hostname="Dell-Laptop" name="com.webdriver.na.junglesocks.test.ConfirmationPageTest" tests="7" failures="0" timestamp="12 Feb 2016 08:34:19 GMT" time="54.567" errors="0">
  <testcase name="invalidCart" time="6.724" classname="com.webdriver.na.junglesocks.test.ConfirmationPageTest"/>
  <testcase name="verifySalesTax" time="7.770" classname="com.webdriver.na.junglesocks.test.ConfirmationPageTest"/>
  <testcase name="verifySalesTax" time="8.114" classname="com.webdriver.na.junglesocks.test.ConfirmationPageTest"/>
  <testcase name="verifySalesTax" time="7.817" classname="com.webdriver.na.junglesocks.test.ConfirmationPageTest"/>
  <testcase name="verifyCatalogPricing" time="6.742" classname="com.webdriver.na.junglesocks.test.ConfirmationPageTest"/>
  <testcase name="verifySalesTax" time="10.128" classname="com.webdriver.na.junglesocks.test.ConfirmationPageTest"/>
  <testcase name="verifySalesTax" time="7.272" classname="com.webdriver.na.junglesocks.test.ConfirmationPageTest"/>
</testsuite> <!-- com.webdriver.na.junglesocks.test.ConfirmationPageTest -->
